This is pdfTeX, Version 3.14159265-2.6-1.40.21 (TeX Live 2020/W32TeX) (preloaded format=pdflatex 2020.4.17)  17 APR 2020 21:19
entering extended mode
 restricted \write18 enabled.
 %&-line parsing enabled.
**Symmetry.tex
(./Symmetry.tex
LaTeX2e <2020-02-02> patch level 5
L3 programming layer <2020-04-06>
(c:/texlive/2020/texmf-dist/tex/latex/base/report.cls
Document Class: report 2019/12/20 v1.4l Standard LaTeX document class
(c:/texlive/2020/texmf-dist/tex/latex/base/size11.clo
File: size11.clo 2019/12/20 v1.4l Standard LaTeX file (size option)
)
\c@part=\count167
\c@chapter=\count168
\c@section=\count169
\c@subsection=\count170
\c@subsubsection=\count171
\c@paragraph=\count172
\c@subparagraph=\count173
\c@figure=\count174
\c@table=\count175
\abovecaptionskip=\skip47
\belowcaptionskip=\skip48
\bibindent=\dimen134
)
(c:/texlive/2020/texmf-dist/tex/latex/bxcjkjatype/bxcjkjatype.sty
Package: bxcjkjatype 2016/10/15 v0.3

(c:/texlive/2020/texmf-dist/tex/latex/graphics/keyval.sty
Package: keyval 2014/10/28 v1.15 key=value parser (DPC)
\KV@toks@=\toks15
)
Package bxcjkjatype Info: Driver auto-detected: pdftex on input line 144.

(c:/texlive/2020/texmf-dist/tex/latex/cjk/texinput/CJK.sty
Package: CJK 2015/04/18 4.8.4

(c:/texlive/2020/texmf-dist/tex/latex/cjk/texinput/mule/MULEenc.sty
Package: MULEenc 2015/04/18 4.8.4
)
(c:/texlive/2020/texmf-dist/tex/latex/cjk/texinput/CJK.enc
File: CJK.enc 2015/04/18 4.8.4
Now handling font encoding C00 ...
... no UTF-8 mapping file for font encoding C00
Now handling font encoding C05 ...
... no UTF-8 mapping file for font encoding C05
Now handling font encoding C09 ...
... no UTF-8 mapping file for font encoding C09
Now handling font encoding C10 ...
... no UTF-8 mapping file for font encoding C10
Now handling font encoding C20 ...
... no UTF-8 mapping file for font encoding C20
Now handling font encoding C19 ...
... no UTF-8 mapping file for font encoding C19
Now handling font encoding C40 ...
... no UTF-8 mapping file for font encoding C40
Now handling font encoding C42 ...
... no UTF-8 mapping file for font encoding C42
Now handling font encoding C43 ...
... no UTF-8 mapping file for font encoding C43
Now handling font encoding C50 ...
... no UTF-8 mapping file for font encoding C50
Now handling font encoding C52 ...
... no UTF-8 mapping file for font encoding C52
Now handling font encoding C49 ...
... no UTF-8 mapping file for font encoding C49
Now handling font encoding C60 ...
... no UTF-8 mapping file for font encoding C60
Now handling font encoding C61 ...
... no UTF-8 mapping file for font encoding C61
Now handling font encoding C63 ...
... no UTF-8 mapping file for font encoding C63
Now handling font encoding C64 ...
... no UTF-8 mapping file for font encoding C64
Now handling font encoding C65 ...
... no UTF-8 mapping file for font encoding C65
Now handling font encoding C70 ...
... no UTF-8 mapping file for font encoding C70
Now handling font encoding C31 ...
... no UTF-8 mapping file for font encoding C31
Now handling font encoding C32 ...
... no UTF-8 mapping file for font encoding C32
Now handling font encoding C33 ...
... no UTF-8 mapping file for font encoding C33
Now handling font encoding C34 ...
... no UTF-8 mapping file for font encoding C34
Now handling font encoding C35 ...
... no UTF-8 mapping file for font encoding C35
Now handling font encoding C36 ...
... no UTF-8 mapping file for font encoding C36
Now handling font encoding C37 ...
... no UTF-8 mapping file for font encoding C37
Now handling font encoding C80 ...
... no UTF-8 mapping file for font encoding C80
Now handling font encoding C81 ...
... no UTF-8 mapping file for font encoding C81
Now handling font encoding C01 ...
... no UTF-8 mapping file for font encoding C01
Now handling font encoding C11 ...
... no UTF-8 mapping file for font encoding C11
Now handling font encoding C21 ...
... no UTF-8 mapping file for font encoding C21
Now handling font encoding C41 ...
... no UTF-8 mapping file for font encoding C41
Now handling font encoding C62 ...
... no UTF-8 mapping file for font encoding C62
)
LaTeX Info: Redefining \selectfont on input line 755.
\CJK@indent=\box45
)
(c:/texlive/2020/texmf-dist/tex/latex/cjk/texinput/CJKutf8.sty
Package: CJKutf8 2015/04/18 4.8.4

(c:/texlive/2020/texmf-dist/tex/generic/iftex/ifpdf.sty
Package: ifpdf 2019/10/25 v3.4 ifpdf legacy package. Use iftex instead.

(c:/texlive/2020/texmf-dist/tex/generic/iftex/iftex.sty
Package: iftex 2020/03/06 v1.0d TeX engine tests
))
(c:/texlive/2020/texmf-dist/tex/latex/base/inputenc.sty
Package: inputenc 2018/08/11 v1.3c Input encoding file
\inpenc@prehook=\toks16
\inpenc@posthook=\toks17
)
(c:/texlive/2020/texmf-dist/tex/latex/base/fontenc.sty
Package: fontenc 2020/02/11 v2.0o Standard LaTeX package
))
(c:/texlive/2020/texmf-dist/tex/latex/cjk/texinput/CJKspace.sty
Package: CJKspace 2015/04/18 3.8.0
)
(c:/texlive/2020/texmf-dist/tex/latex/cjkpunct/CJKpunct.sty
Package: CJKpunct 2016/05/14 4.8.4
\CJKpunct@cnta=\count176
\CJKpunct@cntb=\count177
\CJKpunct@cntc=\count178
\CJKpunct@cntd=\count179
\CJKpunct@cnte=\count180
   defining Unicode char U+2018 (decimal 8216)
   defining Unicode char U+2019 (decimal 8217)
   defining Unicode char U+201C (decimal 8220)
   defining Unicode char U+201D (decimal 8221)
   defining Unicode char U+2014 (decimal 8212)
   defining Unicode char U+2026 (decimal 8230)

(c:/texlive/2020/texmf-dist/tex/latex/cjkpunct/CJKpunct.spa))
(c:/texlive/2020/texmf-dist/tex/latex/etoolbox/etoolbox.sty
Package: etoolbox 2019/09/21 v2.5h e-TeX tools for LaTeX (JAW)
\etb@tempcnta=\count181
)
(c:/texlive/2020/texmf-dist/tex/latex/cjk/texinput/UTF8/UTF8.bdg
File: UTF8.bdg 2015/04/18 4.8.4
))
(c:/texlive/2020/texmf-dist/tex/latex/amsmath/amsmath.sty
Package: amsmath 2020/01/20 v2.17e AMS math features
\@mathmargin=\skip49

For additional information on amsmath, use the `?' option.
(c:/texlive/2020/texmf-dist/tex/latex/amsmath/amstext.sty
Package: amstext 2000/06/29 v2.01 AMS text

(c:/texlive/2020/texmf-dist/tex/latex/amsmath/amsgen.sty
File: amsgen.sty 1999/11/30 v2.0 generic functions
\@emptytoks=\toks18
\ex@=\dimen135
))
(c:/texlive/2020/texmf-dist/tex/latex/amsmath/amsbsy.sty
Package: amsbsy 1999/11/29 v1.2d Bold Symbols
\pmbraise@=\dimen136
)
(c:/texlive/2020/texmf-dist/tex/latex/amsmath/amsopn.sty
Package: amsopn 2016/03/08 v2.02 operator names
)
\inf@bad=\count182
LaTeX Info: Redefining \frac on input line 227.
\uproot@=\count183
\leftroot@=\count184
LaTeX Info: Redefining \overline on input line 389.
\classnum@=\count185
\DOTSCASE@=\count186
LaTeX Info: Redefining \ldots on input line 486.
LaTeX Info: Redefining \dots on input line 489.
LaTeX Info: Redefining \cdots on input line 610.
\Mathstrutbox@=\box46
\strutbox@=\box47
\big@size=\dimen137
LaTeX Font Info:    Redeclaring font encoding OML on input line 733.
LaTeX Font Info:    Redeclaring font encoding OMS on input line 734.
\macc@depth=\count187
\c@MaxMatrixCols=\count188
\dotsspace@=\muskip16
\c@parentequation=\count189
\dspbrk@lvl=\count190
\tag@help=\toks19
\row@=\count191
\column@=\count192
\maxfields@=\count193
\andhelp@=\toks20
\eqnshift@=\dimen138
\alignsep@=\dimen139
\tagshift@=\dimen140
\tagwidth@=\dimen141
\totwidth@=\dimen142
\lineht@=\dimen143
\@envbody=\toks21
\multlinegap=\skip50
\multlinetaggap=\skip51
\mathdisplay@stack=\toks22
LaTeX Info: Redefining \[ on input line 2859.
LaTeX Info: Redefining \] on input line 2860.
)
(c:/texlive/2020/texmf-dist/tex/latex/amscls/amsthm.sty
Package: amsthm 2017/10/31 v2.20.4
\thm@style=\toks23
\thm@bodyfont=\toks24
\thm@headfont=\toks25
\thm@notefont=\toks26
\thm@headpunct=\toks27
\thm@preskip=\skip52
\thm@postskip=\skip53
\thm@headsep=\skip54
\dth@everypar=\toks28
)
(c:/texlive/2020/texmf-dist/tex/latex/amsfonts/amssymb.sty
Package: amssymb 2013/01/14 v3.01 AMS font symbols

(c:/texlive/2020/texmf-dist/tex/latex/amsfonts/amsfonts.sty
Package: amsfonts 2013/01/14 v3.01 Basic AMSFonts support
\symAMSa=\mathgroup4
\symAMSb=\mathgroup5
LaTeX Font Info:    Redeclaring math symbol \hbar on input line 98.
LaTeX Font Info:    Overwriting math alphabet `\mathfrak' in version `bold'
(Font)                  U/euf/m/n --> U/euf/b/n on input line 106.
))
(c:/texlive/2020/texmf-dist/tex/latex/cases/cases.sty
Package: cases 2020/03/29 ver 3.2
\numc@numwid=\dimen144
)
(c:/texlive/2020/texmf-dist/tex/generic/xypic/xy.sty
(c:/texlive/2020/texmf-dist/tex/generic/xypic/xy.tex Bootstrap'ing: catcodes,
docmode, (c:/texlive/2020/texmf-dist/tex/generic/xypic/xyrecat.tex)
(c:/texlive/2020/texmf-dist/tex/generic/xypic/xyidioms.tex)

 Xy-pic version 3.8.9 <2013/10/06>
 Copyright (c) 1991-2013 by Kristoffer H. Rose <krisrose@tug.org> and others
 Xy-pic is free software: see the User's Guide for details.

Loading kernel: messages; fonts; allocations: state,
\X@c=\dimen145
\Y@c=\dimen146
\U@c=\dimen147
\D@c=\dimen148
\L@c=\dimen149
\R@c=\dimen150
\Edge@c=\toks29
\X@p=\dimen151
\Y@p=\dimen152
\U@p=\dimen153
\D@p=\dimen154
\L@p=\dimen155
\R@p=\dimen156
\Edge@p=\toks30
\X@origin=\dimen157
\Y@origin=\dimen158
\X@xbase=\dimen159
\Y@xbase=\dimen160
\X@ybase=\dimen161
\Y@ybase=\dimen162
\X@min=\dimen163
\Y@min=\dimen164
\X@max=\dimen165
\Y@max=\dimen166
\lastobjectbox@=\box48
\zerodotbox@=\box49
\almostz@=\dimen167
 direction,
\d@X=\dimen168
\d@Y=\dimen169
\K@=\count194
\KK@=\count195
\Direction=\count196
\K@dXdY=\dimen170
\K@dYdX=\dimen171
\xyread@=\read2
\xywrite@=\write3
\csp@=\count197
\quotPTK@=\dimen172

utility macros; pictures: \xy, positions,
\swaptoks@@=\toks31
\connectobjectbox@@=\box50
 objects,
\styletoks@=\toks32
 decorations;
kernel objects: directionals, circles, text; options; algorithms: directions,
edges, connections;  Xy-pic loaded)
Package: xy 2013/10/06 Xy-pic version 3.8.9

(c:/texlive/2020/texmf-dist/tex/generic/xypic/xyall.tex
 Xy-pic option: All features v.3.8
(c:/texlive/2020/texmf-dist/tex/generic/xypic/xycurve.tex
 Xy-pic option: Curve and Spline extension v.3.12 curve,
\crv@cnt@=\count198
\crvpts@=\toks33
\splinebox@=\box51
\splineval@=\dimen173
\splinedepth@=\dimen174
\splinetol@=\dimen175
\splinelength@=\dimen176
 circles,
\L@=\dimen177
 loaded)
(c:/texlive/2020/texmf-dist/tex/generic/xypic/xyframe.tex
 Xy-pic option: Frame and Bracket extension v.3.14 loaded)
(c:/texlive/2020/texmf-dist/tex/generic/xypic/xycmtip.tex
 Xy-pic option: Computer Modern tip extension v.3.7
(c:/texlive/2020/texmf-dist/tex/generic/xypic/xytips.tex
 Xy-pic option: More Tips extension v.3.11 loaded) loaded)
(c:/texlive/2020/texmf-dist/tex/generic/xypic/xyline.tex
 Xy-pic option: Line styles extension v.3.10
\xylinethick@=\dimen178
 loaded)
(c:/texlive/2020/texmf-dist/tex/generic/xypic/xyrotate.tex
 Xy-pic option: Rotate and Scale extension v.3.8 loaded)
(c:/texlive/2020/texmf-dist/tex/generic/xypic/xycolor.tex
 Xy-pic option: Colour extension v.3.11 loaded)
(c:/texlive/2020/texmf-dist/tex/generic/xypic/xymatrix.tex
 Xy-pic option: Matrix feature v.3.14
\Row=\count199
\Col=\count266
\queue@=\toks34
\queue@@=\toks35
\qcount@=\count267
\qcount@@=\count268
\matrixsize@=\count269
 loaded)
(c:/texlive/2020/texmf-dist/tex/generic/xypic/xyarrow.tex
 Xy-pic option: Arrow and Path feature v.3.9 path, \ar, loaded)
(c:/texlive/2020/texmf-dist/tex/generic/xypic/xygraph.tex
 Xy-pic option: Graph feature v.3.11 loaded) loaded)
(c:/texlive/2020/texmf-dist/tex/generic/xypic/xypdf.tex
 Xy-pic option: PDF driver v.1.7 Xy-pic pdf driver: `color' extension support
(c:/texlive/2020/texmf-dist/tex/generic/xypic/xypdf-co.tex loaded)
Xy-pic pdf driver: `curve' extension support
(c:/texlive/2020/texmf-dist/tex/generic/xypic/xypdf-cu.tex loaded)
Xy-pic pdf driver: `frame' extension support
(c:/texlive/2020/texmf-dist/tex/generic/xypic/xypdf-fr.tex loaded)
Xy-pic pdf driver: `line' extension support
(c:/texlive/2020/texmf-dist/tex/generic/xypic/xypdf-li.tex loaded)
Xy-pic pdf driver: `rotate' extension support
(c:/texlive/2020/texmf-dist/tex/generic/xypic/xypdf-ro.tex loaded) loaded))
(c:/texlive/2020/texmf-dist/tex/latex/hyperref/hyperref.sty
Package: hyperref 2020/01/14 v7.00d Hypertext links for LaTeX

(c:/texlive/2020/texmf-dist/tex/generic/ltxcmds/ltxcmds.sty
Package: ltxcmds 2019/12/15 v1.24 LaTeX kernel commands for general use (HO)
)
(c:/texlive/2020/texmf-dist/tex/latex/pdftexcmds/pdftexcmds.sty
Package: pdftexcmds 2019/11/24 v0.31 Utility functions of pdfTeX for LuaTeX (HO
)

(c:/texlive/2020/texmf-dist/tex/generic/infwarerr/infwarerr.sty
Package: infwarerr 2019/12/03 v1.5 Providing info/warning/error messages (HO)
)
Package pdftexcmds Info: \pdf@primitive is available.
Package pdftexcmds Info: \pdf@ifprimitive is available.
Package pdftexcmds Info: \pdfdraftmode found.
)
(c:/texlive/2020/texmf-dist/tex/generic/kvsetkeys/kvsetkeys.sty
Package: kvsetkeys 2019/12/15 v1.18 Key value parser (HO)
)
(c:/texlive/2020/texmf-dist/tex/generic/kvdefinekeys/kvdefinekeys.sty
Package: kvdefinekeys 2019-12-19 v1.6 Define keys (HO)
)
(c:/texlive/2020/texmf-dist/tex/generic/pdfescape/pdfescape.sty
Package: pdfescape 2019/12/09 v1.15 Implements pdfTeX's escape features (HO)
)
(c:/texlive/2020/texmf-dist/tex/latex/hycolor/hycolor.sty
Package: hycolor 2020-01-27 v1.10 Color options for hyperref/bookmark (HO)
)
(c:/texlive/2020/texmf-dist/tex/latex/letltxmacro/letltxmacro.sty
Package: letltxmacro 2019/12/03 v1.6 Let assignment for LaTeX macros (HO)
)
(c:/texlive/2020/texmf-dist/tex/latex/auxhook/auxhook.sty
Package: auxhook 2019-12-17 v1.6 Hooks for auxiliary files (HO)
)
(c:/texlive/2020/texmf-dist/tex/latex/kvoptions/kvoptions.sty
Package: kvoptions 2019/11/29 v3.13 Key value format for package options (HO)
)
\@linkdim=\dimen179
\Hy@linkcounter=\count270
\Hy@pagecounter=\count271

(c:/texlive/2020/texmf-dist/tex/latex/hyperref/pd1enc.def
File: pd1enc.def 2020/01/14 v7.00d Hyperref: PDFDocEncoding definition (HO)
Now handling font encoding PD1 ...
... no UTF-8 mapping file for font encoding PD1
)
(c:/texlive/2020/texmf-dist/tex/generic/intcalc/intcalc.sty
Package: intcalc 2019/12/15 v1.3 Expandable calculations with integers (HO)
)
(c:/texlive/2020/texmf-dist/tex/generic/etexcmds/etexcmds.sty
Package: etexcmds 2019/12/15 v1.7 Avoid name clashes with e-TeX commands (HO)
)
\Hy@SavedSpaceFactor=\count272
Package hyperref Info: Option `unicode' set `true' on input line 4421.

(c:/texlive/2020/texmf-dist/tex/latex/hyperref/puenc.def
File: puenc.def 2020/01/14 v7.00d Hyperref: PDF Unicode definition (HO)
Now handling font encoding PU ...
... no UTF-8 mapping file for font encoding PU
)
Package hyperref Info: Option `bookmarks' set `true' on input line 4421.
Package hyperref Info: Option `colorlinks' set `true' on input line 4421.
Package hyperref Info: Hyper figures OFF on input line 4547.
Package hyperref Info: Link nesting OFF on input line 4552.
Package hyperref Info: Hyper index ON on input line 4555.
Package hyperref Info: Plain pages OFF on input line 4562.
Package hyperref Info: Backreferencing OFF on input line 4567.
Package hyperref Info: Implicit mode ON; LaTeX internals redefined.
Package hyperref Info: Bookmarks ON on input line 4800.
\c@Hy@tempcnt=\count273

(c:/texlive/2020/texmf-dist/tex/latex/url/url.sty
\Urlmuskip=\muskip17
Package: url 2013/09/16  ver 3.4  Verb mode for urls, etc.
)
LaTeX Info: Redefining \url on input line 5159.
\XeTeXLinkMargin=\dimen180

(c:/texlive/2020/texmf-dist/tex/generic/bitset/bitset.sty
Package: bitset 2019/12/09 v1.3 Handle bit-vector datatype (HO)

(c:/texlive/2020/texmf-dist/tex/generic/bigintcalc/bigintcalc.sty
Package: bigintcalc 2019/12/15 v1.5 Expandable calculations on big integers (HO
)
))
\Fld@menulength=\count274
\Field@Width=\dimen181
\Fld@charsize=\dimen182
Package hyperref Info: Hyper figures OFF on input line 6430.
Package hyperref Info: Link nesting OFF on input line 6435.
Package hyperref Info: Hyper index ON on input line 6438.
Package hyperref Info: backreferencing OFF on input line 6445.
Package hyperref Info: Link coloring ON on input line 6448.
Package hyperref Info: Link coloring with OCG OFF on input line 6455.
Package hyperref Info: PDF/A mode OFF on input line 6460.
LaTeX Info: Redefining \ref on input line 6500.
LaTeX Info: Redefining \pageref on input line 6504.

(c:/texlive/2020/texmf-dist/tex/generic/atbegshi/atbegshi.sty
Package: atbegshi 2019/12/05 v1.19 At begin shipout hook (HO)
)
\Hy@abspage=\count275
\c@Item=\count276
\c@Hfootnote=\count277
)
Package hyperref Info: Driver (autodetected): hpdftex.

(c:/texlive/2020/texmf-dist/tex/latex/hyperref/hpdftex.def
File: hpdftex.def 2020/01/14 v7.00d Hyperref driver for pdfTeX

(c:/texlive/2020/texmf-dist/tex/latex/atveryend/atveryend.sty
Package: atveryend 2019-12-11 v1.11 Hooks at the very end of document (HO)
)
\Fld@listcount=\count278
\c@bookmark@seq@number=\count279

(c:/texlive/2020/texmf-dist/tex/latex/rerunfilecheck/rerunfilecheck.sty
Package: rerunfilecheck 2019/12/05 v1.9 Rerun checks for auxiliary files (HO)

(c:/texlive/2020/texmf-dist/tex/generic/uniquecounter/uniquecounter.sty
Package: uniquecounter 2019/12/15 v1.4 Provide unlimited unique counter (HO)
)
Package uniquecounter Info: New unique counter `rerunfilecheck' on input line 2
86.
)
\Hy@SectionHShift=\skip55
)
(c:/texlive/2020/texmf-dist/tex/latex/geometry/geometry.sty
Package: geometry 2020/01/02 v5.9 Page Geometry

(c:/texlive/2020/texmf-dist/tex/generic/iftex/ifvtex.sty
Package: ifvtex 2019/10/25 v1.7 ifvtex legacy package. Use iftex instead.
)
\Gm@cnth=\count280
\Gm@cntv=\count281
\c@Gm@tempcnt=\count282
\Gm@bindingoffset=\dimen183
\Gm@wd@mp=\dimen184
\Gm@odd@mp=\dimen185
\Gm@even@mp=\dimen186
\Gm@layoutwidth=\dimen187
\Gm@layoutheight=\dimen188
\Gm@layouthoffset=\dimen189
\Gm@layoutvoffset=\dimen190
\Gm@dimlist=\toks36
)
\c@theorem=\count283
\c@definition=\count284
\c@proposition=\count285
\c@lemma=\count286
\c@remark=\count287
\c@example=\count288

(c:/texlive/2020/texmf-dist/tex/latex/l3backend/l3backend-pdfmode.def
File: l3backend-pdfmode.def 2020-03-12 L3 backend support: PDF mode
\l__kernel_color_stack_int=\count289
\l__pdf_internal_box=\box52
)
(./Symmetry.aux)
\openout1 = `Symmetry.aux'.

LaTeX Font Info:    Checking defaults for OML/cmm/m/it on input line 39.
LaTeX Font Info:    ... okay on input line 39.
LaTeX Font Info:    Checking defaults for OMS/cmsy/m/n on input line 39.
LaTeX Font Info:    ... okay on input line 39.
LaTeX Font Info:    Checking defaults for OT1/cmr/m/n on input line 39.
LaTeX Font Info:    ... okay on input line 39.
LaTeX Font Info:    Checking defaults for T1/cmr/m/n on input line 39.
LaTeX Font Info:    ... okay on input line 39.
LaTeX Font Info:    Checking defaults for TS1/cmr/m/n on input line 39.
LaTeX Font Info:    ... okay on input line 39.
LaTeX Font Info:    Checking defaults for OMX/cmex/m/n on input line 39.
LaTeX Font Info:    ... okay on input line 39.
LaTeX Font Info:    Checking defaults for U/cmr/m/n on input line 39.
LaTeX Font Info:    ... okay on input line 39.
LaTeX Font Info:    Checking defaults for C00/song/m/n on input line 39.
LaTeX Font Info:    ... okay on input line 39.
LaTeX Font Info:    Checking defaults for C05/song/m/n on input line 39.
LaTeX Font Info:    ... okay on input line 39.
LaTeX Font Info:    Checking defaults for C09/song/m/n on input line 39.
LaTeX Font Info:    ... okay on input line 39.
LaTeX Font Info:    Checking defaults for C10/song/m/n on input line 39.
LaTeX Font Info:    ... okay on input line 39.
LaTeX Font Info:    Checking defaults for C20/song/m/n on input line 39.
LaTeX Font Info:    ... okay on input line 39.
LaTeX Font Info:    Checking defaults for C19/song/m/n on input line 39.
LaTeX Font Info:    ... okay on input line 39.
LaTeX Font Info:    Checking defaults for C40/song/m/n on input line 39.
LaTeX Font Info:    ... okay on input line 39.
LaTeX Font Info:    Checking defaults for C42/song/m/n on input line 39.
LaTeX Font Info:    ... okay on input line 39.
LaTeX Font Info:    Checking defaults for C43/song/m/n on input line 39.
LaTeX Font Info:    ... okay on input line 39.
LaTeX Font Info:    Checking defaults for C50/song/m/n on input line 39.
LaTeX Font Info:    ... okay on input line 39.
LaTeX Font Info:    Checking defaults for C52/song/m/n on input line 39.
LaTeX Font Info:    ... okay on input line 39.
LaTeX Font Info:    Checking defaults for C49/song/m/n on input line 39.
LaTeX Font Info:    ... okay on input line 39.
LaTeX Font Info:    Checking defaults for C60/mj/m/n on input line 39.
LaTeX Font Info:    ... okay on input line 39.
LaTeX Font Info:    Checking defaults for C61/mj/m/n on input line 39.
LaTeX Font Info:    ... okay on input line 39.
LaTeX Font Info:    Checking defaults for C63/mj/m/n on input line 39.
LaTeX Font Info:    ... okay on input line 39.
LaTeX Font Info:    Checking defaults for C64/mj/m/n on input line 39.
LaTeX Font Info:    ... okay on input line 39.
LaTeX Font Info:    Checking defaults for C65/mj/m/n on input line 39.
LaTeX Font Info:    ... okay on input line 39.
LaTeX Font Info:    Checking defaults for C70/song/m/n on input line 39.
LaTeX Font Info:    ... okay on input line 39.
LaTeX Font Info:    Checking defaults for C31/song/m/n on input line 39.
LaTeX Font Info:    ... okay on input line 39.
LaTeX Font Info:    Checking defaults for C32/song/m/n on input line 39.
LaTeX Font Info:    ... okay on input line 39.
LaTeX Font Info:    Checking defaults for C33/song/m/n on input line 39.
LaTeX Font Info:    ... okay on input line 39.
LaTeX Font Info:    Checking defaults for C34/song/m/n on input line 39.
LaTeX Font Info:    ... okay on input line 39.
LaTeX Font Info:    Checking defaults for C35/song/m/n on input line 39.
LaTeX Font Info:    ... okay on input line 39.
LaTeX Font Info:    Checking defaults for C36/song/m/n on input line 39.
LaTeX Font Info:    ... okay on input line 39.
LaTeX Font Info:    Checking defaults for C37/song/m/n on input line 39.
LaTeX Font Info:    ... okay on input line 39.
LaTeX Font Info:    Checking defaults for C80/song/m/n on input line 39.
LaTeX Font Info:    ... okay on input line 39.
LaTeX Font Info:    Checking defaults for C81/song/m/n on input line 39.
LaTeX Font Info:    ... okay on input line 39.
LaTeX Font Info:    Checking defaults for C01/song/m/n on input line 39.
LaTeX Font Info:    ... okay on input line 39.
LaTeX Font Info:    Checking defaults for C11/song/m/n on input line 39.
LaTeX Font Info:    ... okay on input line 39.
LaTeX Font Info:    Checking defaults for C21/song/m/n on input line 39.
LaTeX Font Info:    ... okay on input line 39.
LaTeX Font Info:    Checking defaults for C41/song/m/n on input line 39.
LaTeX Font Info:    ... okay on input line 39.
LaTeX Font Info:    Checking defaults for C62/song/m/n on input line 39.
LaTeX Font Info:    ... okay on input line 39.
LaTeX Font Info:    Checking defaults for PD1/pdf/m/n on input line 39.
LaTeX Font Info:    ... okay on input line 39.
LaTeX Font Info:    Checking defaults for PU/pdf/m/n on input line 39.
LaTeX Font Info:    ... okay on input line 39.

(c:/texlive/2020/texmf-dist/tex/latex/cjk/texinput/UTF8/UTF8.enc
File: UTF8.enc 2015/04/18 4.8.4
)
(c:/texlive/2020/texmf-dist/tex/latex/cjk/texinput/UTF8/UTF8.chr
File: UTF8.chr 2015/04/18 4.8.4
)
LaTeX Font Info:    Trying to load font information for U+msa on input line 39.


(c:/texlive/2020/texmf-dist/tex/latex/amsfonts/umsa.fd
File: umsa.fd 2013/01/14 v3.01 AMS symbols A
)
LaTeX Font Info:    Trying to load font information for U+msb on input line 39.


(c:/texlive/2020/texmf-dist/tex/latex/amsfonts/umsb.fd
File: umsb.fd 2013/01/14 v3.01 AMS symbols B
)
Package xypdf Info: Line width: 0.43799pt on input line 39.
\AtBeginShipoutBox=\box53

(c:/texlive/2020/texmf-dist/tex/latex/graphics/color.sty
Package: color 2019/11/23 v1.2a Standard LaTeX Color (DPC)

(c:/texlive/2020/texmf-dist/tex/latex/graphics-cfg/color.cfg
File: color.cfg 2016/01/02 v1.6 sample color configuration
)
Package color Info: Driver file: pdftex.def on input line 147.

(c:/texlive/2020/texmf-dist/tex/latex/graphics-def/pdftex.def
File: pdftex.def 2018/01/08 v1.0l Graphics/color driver for pdftex

(c:/texlive/2020/texmf-dist/tex/context/base/mkii/supp-pdf.mkii
[Loading MPS to PDF converter (version 2006.09.02).]
\scratchcounter=\count290
\scratchdimen=\dimen191
\scratchbox=\box54
\nofMPsegments=\count291
\nofMParguments=\count292
\everyMPshowfont=\toks37
\MPscratchCnt=\count293
\MPscratchDim=\dimen192
\MPnumerator=\count294
\makeMPintoPDFobject=\count295
\everyMPtoPDFconversion=\toks38
)))
Package hyperref Info: Link coloring ON on input line 39.
 (c:/texlive/2020/texmf-dist/tex/latex/hyperref/nameref.sty
Package: nameref 2019/09/16 v2.46 Cross-referencing by name of section

(c:/texlive/2020/texmf-dist/tex/latex/refcount/refcount.sty
Package: refcount 2019/12/15 v3.6 Data extraction from label references (HO)
)
(c:/texlive/2020/texmf-dist/tex/generic/gettitlestring/gettitlestring.sty
Package: gettitlestring 2019/12/15 v1.6 Cleanup title references (HO)
)
\c@section@level=\count296
)
LaTeX Info: Redefining \ref on input line 39.
LaTeX Info: Redefining \pageref on input line 39.
LaTeX Info: Redefining \nameref on input line 39.

(./Symmetry.out) (./Symmetry.out)
\@outlinefile=\write4
\openout4 = `Symmetry.out'.


*geometry* driver: auto-detecting
*geometry* detected driver: pdftex
*geometry* verbose mode - [ preamble ] result:
* driver: pdftex
* paper: a4paper
* layout: <same size as paper>
* layoutoffset:(h,v)=(0.0pt,0.0pt)
* modes: truedimen 
* h-part:(L,W,R)=(85.35826pt, 426.79135pt, 85.35826pt)
* v-part:(T,H,B)=(85.35826pt, 674.33032pt, 85.35826pt)
* \paperwidth=597.50787pt
* \paperheight=845.04684pt
* \textwidth=426.79135pt
* \textheight=674.33032pt
* \oddsidemargin=13.08827pt
* \evensidemargin=13.08827pt
* \topmargin=-23.91173pt
* \headheight=12.0pt
* \headsep=25.0pt
* \topskip=11.0pt
* \footskip=30.0pt
* \marginparwidth=50.0pt
* \marginparsep=10.0pt
* \columnsep=10.0pt
* \skip\footins=10.0pt plus 4.0pt minus 2.0pt
* \hoffset=0.0pt
* \voffset=0.0pt
* \mag=1000
* \@twocolumnfalse
* \@twosidefalse
* \@mparswitchfalse
* \@reversemarginfalse
* (1in=72.27pt=25.4mm, 1cm=28.453pt)

LaTeX Font Info:    Font shape `C70/gt/m/n' will be
(Font)              scaled to size 17.28pt on input line 43.
Package CJKpunct Info: punctuation spaces for family 'gt' do not exist. Use fam
ily 'def' instead. on input line 43.
LaTeX Font Info:    Font shape `C70/gt/m/n' will be
(Font)              scaled to size 12.0pt on input line 43.
[1

{c:/texlive/2020/texmf-var/fonts/map/pdftex/updmap/pdftex.map}]
(./Symmetry.toc
LaTeX Font Info:    Font shape `C70/gt/bx/n'
(Font)              in size <10.95> not available.
(Font)              Font shape `C70/gt/m/n'
(Font)              tried instead on input line 1.
LaTeX Font Info:    Font shape `C70/gt/m/n' will be
(Font)              scaled to size 10.95pt on input line 1.
)
\tf@toc=\write5
\openout5 = `Symmetry.toc'.

pdfTeX warning (ext4): destination with the same identifier (name{page.1}) has 
been already used, duplicate ignored
<to be read again> 
                   \relax 
l.45 \newpage
              [1

]
Chapter 1.
LaTeX Font Info:    Font shape `C70/mc/bx/n'
(Font)              in size <24.88> not available.
(Font)              Font shape `C70/gt/m/n'
(Font)              tried instead on input line 47.
LaTeX Font Info:    Font shape `C70/gt/m/n' will be
(Font)              scaled to size 24.88pt on input line 47.
LaTeX Font Info:    Font shape `C70/mc/m/n' will be
(Font)              scaled to size 9.0pt on input line 51.
Package CJKpunct Info: punctuation spaces for family 'mc' do not exist. Use fam
ily 'def' instead. on input line 51.

Underfull \hbox (badness 10000) in paragraph at lines 53--54

 []

[2

]
LaTeX Font Info:    Font shape `C70/mc/m/n' will be
(Font)              scaled to size 10.95pt on input line 70.
 [3] [4]
Chapter 2.
LaTeX Font Info:    Font shape `C70/mc/bx/n'
(Font)              in size <14.4> not available.
(Font)              Font shape `C70/gt/m/n'
(Font)              tried instead on input line 155.
LaTeX Font Info:    Font shape `C70/gt/m/n' will be
(Font)              scaled to size 14.4pt on input line 155.
[5

] [6] [7] [8]
LaTeX Font Info:    Trying to load font information for U+euf on input line 365
.
 (c:/texlive/2020/texmf-dist/tex/latex/amsfonts/ueuf.fd
File: ueuf.fd 2013/01/14 v3.01 Euler Fraktur
)
[9]

Package amsfonts Warning: Obsolete command \frak; \mathfrak should be used inst
ead on input line 416.

[10] [11] [12] <xymatrix 6x1 217> <xymatrix 6x1 217>
Overfull \hbox (8.57748pt too wide) in paragraph at lines 558--560
\C70/mc/m/n/10.95/30 j ã \C70/mc/m/n/10.95/5b å \C70/mc/m/n/10.95/51 h \C70/mc/
m/n/10.95/30 € ‚ » ‘ ¸ \C70/mc/m/n/10.95/4f \ \C70/mc/m/n/10.95/75 ( \C70/mc/m/
n/10.95/7d  $\OML/cmm/m/it/10.95 H$\C70/mc/m/n/10.95/30 í \C70/mc/m/n/10.95/69 
À \C70/mc/m/n/10.95/62 ^^P \C70/mc/m/n/10.95/30 Y ã S h L \C70/mc/m/n/10.95/53 
Ô \C70/mc/m/n/10.95/80 ˝ \C70/mc/m/n/10.95/30 g B ã S h K â \C70/mc/m/n/10.95/8
a < \C70/mc/m/n/10.95/66 ^^N \C70/mc/m/n/10.95/30 U å ã |\C70/mc/m/n/10.95/ff ^
^H|\OT1/cmr/m/n/10.95 Olver[[],
 []

<xymatrix 4x1 141> <xymatrix 4x1 141> [13]
Overfull \hbox (25.80876pt too wide) in paragraph at lines 602--604
\C70/mc/m/n/10.95/30 n à F k \C70/mc/m/n/10.95/5b ö \C70/mc/m/n/10.95/7f © \C70
/mc/m/n/10.95/30 U å ã[][][][][]|^^B| ~ _|^^A| \C70/mc/m/n/10.95/5f Æ \C70/mc/m
/n/10.95/52 ^^F \C70/mc/m/n/10.95/5f b ^^O \C70/mc/m/n/10.95/30 k \C70/mc/m/n/1
0.95/5b ˛ \C70/mc/m/n/10.95/30 Y ã Í ¸ \C70/mc/m/n/10.95/5f Æ \C70/mc/m/n/10.95
/52 ^^F \C70/mc/m/n/10.95/30 o|^^A| \C70/mc/m/n/10.95/5f ^^U \C70/mc/m/n/10.95/
30 M \C70/mc/m/n/10.95/62 ; \C70/mc/m/n/10.95/30 W$\OT1/cmr/m/n/10.95 (\OML/cmm
/m/it/10.95 g[]\OT1/cmr/m/n/10.95 )[] : \OMS/cmsy/m/n/10.95 ^[]\OT1/cmr/bx/n/10
.95 T[]M\OMS/cmsy/m/n/10.95 j[] [][]!
 []

[14] [15] <xymatrix 4x1 141> <xymatrix 4x1 141> <xymatrix 7x1 262> <xymatrix
7x1 262> [16]
Overfull \hbox (14.00357pt too wide) in paragraph at lines 764--765
[]\C70/mc/m/n/10.95/54 } \C70/mc/m/n/10.95/98 L\OT1/cmr/m/n/10.95 (2.1.1)|\C70/
mc/m/n/10.95/30 ^^A| \C70/mc/m/n/10.95/54 } \C70/mc/m/n/10.95/98 L\OT1/cmr/m/n/
10.95 (2.4.1)\C70/mc/m/n/10.95/30 à ä$\OML/cmm/m/it/10.95 v \OT1/cmr/m/n/10.95 
= \OML/cmm/m/it/10.95 v[]$\C70/mc/m/n/10.95/30 k d D f \C70/mc/m/n/10.95/8a < \
C70/mc/m/n/10.95/66 ^^N \C70/mc/m/n/10.95/30 Y å p à D|^^B| $\OML/cmm/m/it/10.9
5 v[]$\C70/mc/m/n/10.95/30 L \C70/mc/m/n/10.95/59 	 \C70/mc/m/n/10.95/52 ^^F \C
70/mc/m/n/10.95/55 O \C70/mc/m/n/10.95/98 L\OT1/cmr/m/n/10.95 (2.4.1)\C70/mc/m/
n/10.95/30 n
 []

[17]
Underfull \hbox (badness 10000) in paragraph at lines 788--790

 []

[18] [19]
Chapter 3.
[20

] [21] [22] [23]
Underfull \hbox (badness 10000) in paragraph at lines 1065--1066

 []

[24] [25] [26] [27] [28]
Overfull \hbox (1.57288pt too wide) in paragraph at lines 1316--1317
[]\C70/mc/m/n/10.95/88 ‹ \C70/mc/m/n/10.95/98 L\OT1/cmr/m/n/10.95 3.3.2\C70/mc/
m/n/10.95/30 à ä|^^A| $\OT1/cmr/m/n/10.95 (\OML/cmm/m/it/10.95 i\OT1/cmr/m/n/10
.95 )$\C70/mc/m/n/10.95/30 o \C70/mc/m/n/10.95/66 ^^N \C70/mc/m/n/10.95/30 â K|
^^B| ~ _\OT1/cmr/m/n/10.95 (3.1.13)\C70/mc/m/n/10.95/30 à ä$\OT1/cmr/m/n/10.95 
(\OML/cmm/m/it/10.95 ii\OT1/cmr/m/n/10.95 )$\C70/mc/m/n/10.95/30 h$\OT1/cmr/m/n
/10.95 (\OML/cmm/m/it/10.95 iii\OT1/cmr/m/n/10.95 )$\C70/mc/m/n/10.95/30 o \C70
/mc/m/n/10.95/54 ^^L \C70/mc/m/n/10.95/50 $ \C70/mc/m/n/10.95/30 g B ã n g|^^A|
 $\OT1/cmr/m/n/10.95 (\OML/cmm/m/it/10.95 iii\OT1/cmr/m/n/10.95 )$\C70/mc/m/n/1
0.95/30 í
 []

[29] <xymatrix 4x2 526> <xymatrix 4x2 526> [30]
Overfull \hbox (8.79291pt too wide) in paragraph at lines 1395--1396
[]$\U/euf/m/n/10.95 D[]$\C70/gt/m/n/10.95 L º Ì \C70/gt/m/n/10.95/96 é \C70/gt/
m/n/10.95 n \C70/gt/m/n/10.95/81 Í \C70/gt/m/n/10.95/5d Ò \C70/gt/m/n/10.95/96 
è \C70/gt/m/n/10.95 4 \ \C70/gt/m/n/10.95/75 ( \C70/gt/m/n/10.95/7d   \C70/gt/m
/n/10.95 g B ã _ Å k o|^^A| ’ Ï ∑ ß \C70/gt/m/n/10.95 Æ \C70/gt/m/n/10.95 ^^F \
C70/gt/m/n/10.95 n \C70/gt/m/n/10.95 b \C70/gt/m/n/10.95 K â$\OML/cmm/m/it/10.9
5 L \OT1/cmr/m/n/10.95 = \OML/cmm/m/it/10.95 L\OT1/cmr/m/n/10.95 (\OML/cmm/m/it
/10.95 t; x; u\OT1/cmr/m/n/10.95 ) =
 []


Overfull \hbox (2.31621pt too wide) in paragraph at lines 1409--1411
\C70/gt/m/n/10.95 í \C70/gt/m/n/10.95 ó \C70/gt/m/n/10.95 ã|^^B| h S ç g$\OML/c
mm/m/it/10.95 L \OT1/cmr/m/n/10.95 = \OMS/cmsy/m/n/10.95 D[]E\OT1/cmr/m/n/10.95
 (\OML/cmm/m/it/10.95 H[]\OT1/cmr/m/n/10.95 )$\C70/gt/m/n/10.95 g B ã K â|^^A| 
$\OMS/cmsy/m/n/10.95 E\OT1/cmr/m/n/10.95 (\OML/cmm/m/it/10.95 H[]\OT1/cmr/m/n/1
0.95 ) = [][] \OML/cmm/m/it/10.95 u[]$\C70/gt/m/n/10.95 g j Q å p j â Z|^^A| \O
T1/cmss/m/n/10.95 (3.4.5)\C70/gt/m/n/10.95 à
 []

[31] [32] [33]
Overfull \hbox (4.0301pt too wide) in paragraph at lines 1535--1537
\C70/gt/m/n/10.95 g B ã S h h\OT1/cmss/m/n/10.95 (3.5.2)\C70/gt/m/n/10.95 o \C7
0/gt/m/n/10.95 ^^L \C70/gt/m/n/10.95/50 $|\C70/gt/m/n/10.95 ^^B| S S g \C70/gt/
m/n/10.95 N \C70/gt/m/n/10.95/6b ! \C70/gt/m/n/10.95/51 C \C70/gt/m/n/10.95 g\O
T1/cmss/m/n/10.95 KdV\C70/gt/m/n/10.95/96 é \C70/gt/m/n/10.95 d \C70/gt/m/n/10.
95 k \C70/gt/m/n/10.95/8f — \C70/gt/m/n/10.95 D h S ç k J D f o|^^A| \OT1/cmss/
m/n/10.95 (3.5.4)\C70/gt/m/n/10.95 K
 []

[34]
Missing character: There is no ^^N in font ipxg-r-ufe!
 [35

]
Package atveryend Info: Empty hook `BeforeClearDocument' on input line 1600.
Package atveryend Info: Empty hook `AfterLastShipout' on input line 1600.
 (./Symmetry.aux)
Package atveryend Info: Executing hook `AtVeryEndDocument' on input line 1600.
Package atveryend Info: Executing hook `AtEndAfterFileList' on input line 1600.

Package rerunfilecheck Info: File `Symmetry.out' has not changed.
(rerunfilecheck)             Checksum: 430076ADF115AD130AE9ED9792029531;1862.
 ) 
Here is how much of TeX's memory you used:
 17727 strings out of 480607
 246043 string characters out of 5907502
 540606 words of memory out of 5000000
 32487 multiletter control sequences out of 15000+600000
 621907 words of font info for 370 fonts, out of 8000000 for 9000
 1141 hyphenation exceptions out of 8191
 38i,21n,34p,3250b,678s stack positions out of 5000i,500n,10000p,200000b,80000s
{c:/texlive/2020/texmf-dist/fonts/enc/dvips/ipaex-type1/ipxt1-u77.enc}{c:/tex
live/2020/texmf-dist/fonts/enc/dvips/ipaex-type1/ipxt1-u84.enc}{c:/texlive/2020
/texmf-dist/fonts/enc/dvips/ipaex-type1/ipxt1-u8c.enc}{c:/texlive/2020/texmf-di
st/fonts/enc/dvips/ipaex-type1/ipxt1-u9a.enc}{c:/texlive/2020/texmf-dist/fonts/
enc/dvips/ipaex-type1/ipxt1-u68.enc}{c:/texlive/2020/texmf-dist/fonts/enc/dvips
/ipaex-type1/ipxt1-u91.enc}{c:/texlive/2020/texmf-dist/fonts/enc/dvips/ipaex-ty
pe1/ipxt1-u5d.enc}{c:/texlive/2020/texmf-dist/fonts/enc/dvips/ipaex-type1/ipxt1
-u6a.enc}{c:/texlive/2020/texmf-dist/fonts/enc/dvips/ipaex-type1/ipxt1-u78.enc}
{c:/texlive/2020/texmf-dist/fonts/enc/dvips/ipaex-type1/ipxt1-u8d.enc}{c:/texli
ve/2020/texmf-dist/fonts/enc/dvips/ipaex-type1/ipxt1-u6d.enc}{c:/texlive/2020/t
exmf-dist/fonts/enc/dvips/ipaex-type1/ipxt1-u8b.enc}{c:/texlive/2020/texmf-dist
/fonts/enc/dvips/ipaex-type1/ipxt1-u69.enc}{c:/texlive/2020/texmf-dist/fonts/en
c/dvips/ipaex-type1/ipxt1-u7e.enc}{c:/texlive/2020/texmf-dist/fonts/enc/dvips/i
paex-type1/ipxt1-u64.enc}{c:/texlive/2020/texmf-dist/fonts/enc/dvips/ipaex-type
1/ipxt1-u73.enc}{c:/texlive/2020/texmf-dist/fonts/enc/dvips/ipaex-type1/ipxt1-u
6f.enc}{c:/texlive/2020/texmf-dist/fonts/enc/dvips/ipaex-type1/ipxt1-u61.enc}{c
:/texlive/2020/texmf-dist/fonts/enc/dvips/ipaex-type1/ipxt1-u57.enc}{c:/texlive
/2020/texmf-dist/fonts/enc/dvips/ipaex-type1/ipxt1-u81.enc}{c:/texlive/2020/tex
mf-dist/fonts/enc/dvips/ipaex-type1/ipxt1-u82.enc}{c:/texlive/2020/texmf-dist/f
onts/enc/dvips/ipaex-type1/ipxt1-u8f.enc}{c:/texlive/2020/texmf-dist/fonts/enc/
dvips/ipaex-type1/ipxt1-u56.enc}{c:/texlive/2020/texmf-dist/fonts/enc/dvips/ipa
ex-type1/ipxt1-u79.enc}{c:/texlive/2020/texmf-dist/fonts/enc/dvips/ipaex-type1/
ipxt1-u7c.enc}{c:/texlive/2020/texmf-dist/fonts/enc/dvips/ipaex-type1/ipxt1-u97
.enc}{c:/texlive/2020/texmf-dist/fonts/enc/dvips/ipaex-type1/ipxt1-u88.enc}{c:/
texlive/2020/texmf-dist/fonts/enc/dvips/ipaex-type1/ipxt1-u5e.enc}{c:/texlive/2
020/texmf-dist/fonts/enc/dvips/ipaex-type1/ipxt1-u80.enc}{c:/texlive/2020/texmf
-dist/fonts/enc/dvips/ipaex-type1/ipxt1-u6c.enc}{c:/texlive/2020/texmf-dist/fon
ts/enc/dvips/ipaex-type1/ipxt1-u98.enc}{c:/texlive/2020/texmf-dist/fonts/enc/dv
ips/ipaex-type1/ipxt1-u55.enc}{c:/texlive/2020/texmf-dist/fonts/enc/dvips/ipaex
-type1/ipxt1-u89.enc}{c:/texlive/2020/texmf-dist/fonts/enc/dvips/ipaex-type1/ip
xt1-u6e.enc}{c:/texlive/2020/texmf-dist/fonts/enc/dvips/ipaex-type1/ipxt1-u70.e
nc}{c:/texlive/2020/texmf-dist/fonts/enc/dvips/ipaex-type1/ipxt1-u66.enc}{c:/te
xlive/2020/texmf-dist/fonts/enc/dvips/ipaex-type1/ipxt1-u8e.enc}{c:/texlive/202
0/texmf-dist/fonts/enc/dvips/ipaex-type1/ipxt1-u72.enc}{c:/texlive/2020/texmf-d
ist/fonts/enc/dvips/ipaex-type1/ipxt1-u76.enc}{c:/texlive/2020/texmf-dist/fonts
/enc/dvips/ipaex-type1/ipxt1-u54.enc}{c:/texlive/2020/texmf-dist/fonts/enc/dvip
s/ipaex-type1/ipxt1-u6b.enc}{c:/texlive/2020/texmf-dist/fonts/enc/dvips/ipaex-t
ype1/ipxt1-u5b.enc}{c:/texlive/2020/texmf-dist/fonts/enc/dvips/ipaex-type1/ipxt
1-u96.enc}{c:/texlive/2020/texmf-dist/fonts/enc/dvips/ipaex-type1/ipxt1-u71.enc
}{c:/texlive/2020/texmf-dist/fonts/enc/dvips/ipaex-type1/ipxt1-u58.enc}{c:/texl
ive/2020/texmf-dist/fonts/enc/dvips/ipaex-type1/ipxt1-u62.enc}{c:/texlive/2020/
texmf-dist/fonts/enc/dvips/ipaex-type1/ipxt1-u60.enc}{c:/texlive/2020/texmf-dis
t/fonts/enc/dvips/ipaex-type1/ipxt1-u7f.enc}{c:/texlive/2020/texmf-dist/fonts/e
nc/dvips/ipaex-type1/ipxt1-u59.enc}{c:/texlive/2020/texmf-dist/fonts/enc/dvips/
ipaex-type1/ipxt1-u95.enc}{c:/texlive/2020/texmf-dist/fonts/enc/dvips/ipaex-typ
e1/ipxt1-u63.enc}{c:/texlive/2020/texmf-dist/fonts/enc/dvips/ipaex-type1/ipxt1-
u51.enc}{c:/texlive/2020/texmf-dist/fonts/enc/dvips/ipaex-type1/ipxt1-u90.enc}{
c:/texlive/2020/texmf-dist/fonts/enc/dvips/ipaex-type1/ipxt1-u50.enc}{c:/texliv
e/2020/texmf-dist/fonts/enc/dvips/ipaex-type1/ipxt1-u7b.enc}{c:/texlive/2020/te
xmf-dist/fonts/enc/dvips/ipaex-type1/ipxt1-u8a.enc}{c:/texlive/2020/texmf-dist/
fonts/enc/dvips/ipaex-type1/ipxt1-u74.enc}{c:/texlive/2020/texmf-dist/fonts/enc
/dvips/ipaex-type1/ipxt1-u75.enc}{c:/texlive/2020/texmf-dist/fonts/enc/dvips/ip
aex-type1/ipxt1-u4f.enc}{c:/texlive/2020/texmf-dist/fonts/enc/dvips/ipaex-type1
/ipxt1-uff.enc}{c:/texlive/2020/texmf-dist/fonts/enc/dvips/ipaex-type1/ipxt1-u4
e.enc}{c:/texlive/2020/texmf-dist/fonts/enc/dvips/ipaex-type1/ipxt1-u53.enc}{c:
/texlive/2020/texmf-dist/fonts/enc/dvips/ipaex-type1/ipxt1-u5c.enc}{c:/texlive/
2020/texmf-dist/fonts/enc/dvips/ipaex-type1/ipxt1-u67.enc}{c:/texlive/2020/texm
f-dist/fonts/enc/dvips/ipaex-type1/ipxt1-u52.enc}{c:/texlive/2020/texmf-dist/fo
nts/enc/dvips/ipaex-type1/ipxt1-u7d.enc}{c:/texlive/2020/texmf-dist/fonts/enc/d
vips/ipaex-type1/ipxt1-u5f.enc}{c:/texlive/2020/texmf-dist/fonts/enc/dvips/ipae
x-type1/ipxt1-u7a.enc}{c:/texlive/2020/texmf-dist/fonts/enc/dvips/ipaex-type1/i
pxt1-u65.enc}{c:/texlive/2020/texmf-dist/fonts/enc/dvips/ipaex-type1/ipxt1-u30.
enc}<c:/texlive/2020/texmf-dist/fonts/type1/public/amsfonts/cm/cmbx10.pfb><c:/t
exlive/2020/texmf-dist/fonts/type1/public/amsfonts/cm/cmbx12.pfb><c:/texlive/20
20/texmf-dist/fonts/type1/public/amsfonts/cm/cmbx8.pfb><c:/texlive/2020/texmf-d
ist/fonts/type1/public/amsfonts/cm/cmbx9.pfb><c:/texlive/2020/texmf-dist/fonts/
type1/public/amsfonts/cm/cmex10.pfb><c:/texlive/2020/texmf-dist/fonts/type1/pub
lic/amsfonts/cmextra/cmex9.pfb><c:/texlive/2020/texmf-dist/fonts/type1/public/a
msfonts/cm/cmmi10.pfb><c:/texlive/2020/texmf-dist/fonts/type1/public/amsfonts/c
m/cmmi5.pfb><c:/texlive/2020/texmf-dist/fonts/type1/public/amsfonts/cm/cmmi6.pf
b><c:/texlive/2020/texmf-dist/fonts/type1/public/amsfonts/cm/cmmi8.pfb><c:/texl
ive/2020/texmf-dist/fonts/type1/public/amsfonts/cm/cmmi9.pfb><c:/texlive/2020/t
exmf-dist/fonts/type1/public/amsfonts/cm/cmr10.pfb><c:/texlive/2020/texmf-dist/
fonts/type1/public/amsfonts/cm/cmr6.pfb><c:/texlive/2020/texmf-dist/fonts/type1
/public/amsfonts/cm/cmr7.pfb><c:/texlive/2020/texmf-dist/fonts/type1/public/ams
fonts/cm/cmr8.pfb><c:/texlive/2020/texmf-dist/fonts/type1/public/amsfonts/cm/cm
r9.pfb><c:/texlive/2020/texmf-dist/fonts/type1/public/amsfonts/cm/cmss10.pfb><c
:/texlive/2020/texmf-dist/fonts/type1/public/amsfonts/cm/cmss12.pfb><c:/texlive
/2020/texmf-dist/fonts/type1/public/amsfonts/cm/cmss17.pfb><c:/texlive/2020/tex
mf-dist/fonts/type1/public/amsfonts/cm/cmssbx10.pfb><c:/texlive/2020/texmf-dist
/fonts/type1/public/amsfonts/cm/cmsy10.pfb><c:/texlive/2020/texmf-dist/fonts/ty
pe1/public/amsfonts/cm/cmsy6.pfb><c:/texlive/2020/texmf-dist/fonts/type1/public
/amsfonts/cm/cmsy8.pfb><c:/texlive/2020/texmf-dist/fonts/type1/public/amsfonts/
cm/cmsy9.pfb><c:/texlive/2020/texmf-dist/fonts/type1/public/amsfonts/euler/eufm
10.pfb><c:/texlive/2020/texmf-dist/fonts/type1/public/amsfonts/euler/eufm7.pfb>
<c:/texlive/2020/texmf-dist/fonts/type1/public/ipaex-type1/ipxg-r-u30.pfb><c:/t
exlive/2020/texmf-dist/fonts/type1/public/ipaex-type1/ipxg-r-u4e.pfb><c:/texliv
e/2020/texmf-dist/fonts/type1/public/ipaex-type1/ipxg-r-u4f.pfb><c:/texlive/202
0/texmf-dist/fonts/type1/public/ipaex-type1/ipxg-r-u50.pfb><c:/texlive/2020/tex
mf-dist/fonts/type1/public/ipaex-type1/ipxg-r-u51.pfb><c:/texlive/2020/texmf-di
st/fonts/type1/public/ipaex-type1/ipxg-r-u52.pfb><c:/texlive/2020/texmf-dist/fo
nts/type1/public/ipaex-type1/ipxg-r-u53.pfb><c:/texlive/2020/texmf-dist/fonts/t
ype1/public/ipaex-type1/ipxg-r-u54.pfb><c:/texlive/2020/texmf-dist/fonts/type1/
public/ipaex-type1/ipxg-r-u55.pfb><c:/texlive/2020/texmf-dist/fonts/type1/publi
c/ipaex-type1/ipxg-r-u56.pfb><c:/texlive/2020/texmf-dist/fonts/type1/public/ipa
ex-type1/ipxg-r-u57.pfb><c:/texlive/2020/texmf-dist/fonts/type1/public/ipaex-ty
pe1/ipxg-r-u58.pfb><c:/texlive/2020/texmf-dist/fonts/type1/public/ipaex-type1/i
pxg-r-u59.pfb><c:/texlive/2020/texmf-dist/fonts/type1/public/ipaex-type1/ipxg-r
-u5b.pfb><c:/texlive/2020/texmf-dist/fonts/type1/public/ipaex-type1/ipxg-r-u5c.
pfb><c:/texlive/2020/texmf-dist/fonts/type1/public/ipaex-type1/ipxg-r-u5d.pfb><
c:/texlive/2020/texmf-dist/fonts/type1/public/ipaex-type1/ipxg-r-u5e.pfb><c:/te
xlive/2020/texmf-dist/fonts/type1/public/ipaex-type1/ipxg-r-u5f.pfb><c:/texlive
/2020/texmf-dist/fonts/type1/public/ipaex-type1/ipxg-r-u60.pfb><c:/texlive/2020
/texmf-dist/fonts/type1/public/ipaex-type1/ipxg-r-u61.pfb><c:/texlive/2020/texm
f-dist/fonts/type1/public/ipaex-type1/ipxg-r-u62.pfb><c:/texlive/2020/texmf-dis
t/fonts/type1/public/ipaex-type1/ipxg-r-u63.pfb><c:/texlive/2020/texmf-dist/fon
ts/type1/public/ipaex-type1/ipxg-r-u64.pfb><c:/texlive/2020/texmf-dist/fonts/ty
pe1/public/ipaex-type1/ipxg-r-u65.pfb><c:/texlive/2020/texmf-dist/fonts/type1/p
ublic/ipaex-type1/ipxg-r-u66.pfb><c:/texlive/2020/texmf-dist/fonts/type1/public
/ipaex-type1/ipxg-r-u67.pfb><c:/texlive/2020/texmf-dist/fonts/type1/public/ipae
x-type1/ipxg-r-u68.pfb><c:/texlive/2020/texmf-dist/fonts/type1/public/ipaex-typ
e1/ipxg-r-u69.pfb><c:/texlive/2020/texmf-dist/fonts/type1/public/ipaex-type1/ip
xg-r-u6a.pfb><c:/texlive/2020/texmf-dist/fonts/type1/public/ipaex-type1/ipxg-r-
u6b.pfb><c:/texlive/2020/texmf-dist/fonts/type1/public/ipaex-type1/ipxg-r-u6c.p
fb><c:/texlive/2020/texmf-dist/fonts/type1/public/ipaex-type1/ipxg-r-u6d.pfb><c
:/texlive/2020/texmf-dist/fonts/type1/public/ipaex-type1/ipxg-r-u6e.pfb><c:/tex
live/2020/texmf-dist/fonts/type1/public/ipaex-type1/ipxg-r-u71.pfb><c:/texlive/
2020/texmf-dist/fonts/type1/public/ipaex-type1/ipxg-r-u72.pfb><c:/texlive/2020/
texmf-dist/fonts/type1/public/ipaex-type1/ipxg-r-u73.pfb><c:/texlive/2020/texmf
-dist/fonts/type1/public/ipaex-type1/ipxg-r-u74.pfb><c:/texlive/2020/texmf-dist
/fonts/type1/public/ipaex-type1/ipxg-r-u75.pfb><c:/texlive/2020/texmf-dist/font
s/type1/public/ipaex-type1/ipxg-r-u76.pfb><c:/texlive/2020/texmf-dist/fonts/typ
e1/public/ipaex-type1/ipxg-r-u77.pfb><c:/texlive/2020/texmf-dist/fonts/type1/pu
blic/ipaex-type1/ipxg-r-u79.pfb><c:/texlive/2020/texmf-dist/fonts/type1/public/
ipaex-type1/ipxg-r-u7a.pfb><c:/texlive/2020/texmf-dist/fonts/type1/public/ipaex
-type1/ipxg-r-u7b.pfb><c:/texlive/2020/texmf-dist/fonts/type1/public/ipaex-type
1/ipxg-r-u7c.pfb><c:/texlive/2020/texmf-dist/fonts/type1/public/ipaex-type1/ipx
g-r-u7d.pfb><c:/texlive/2020/texmf-dist/fonts/type1/public/ipaex-type1/ipxg-r-u
7e.pfb><c:/texlive/2020/texmf-dist/fonts/type1/public/ipaex-type1/ipxg-r-u7f.pf
b><c:/texlive/2020/texmf-dist/fonts/type1/public/ipaex-type1/ipxg-r-u80.pfb><c:
/texlive/2020/texmf-dist/fonts/type1/public/ipaex-type1/ipxg-r-u81.pfb><c:/texl
ive/2020/texmf-dist/fonts/type1/public/ipaex-type1/ipxg-r-u82.pfb><c:/texlive/2
020/texmf-dist/fonts/type1/public/ipaex-type1/ipxg-r-u84.pfb><c:/texlive/2020/t
exmf-dist/fonts/type1/public/ipaex-type1/ipxg-r-u88.pfb><c:/texlive/2020/texmf-
dist/fonts/type1/public/ipaex-type1/ipxg-r-u89.pfb><c:/texlive/2020/texmf-dist/
fonts/type1/public/ipaex-type1/ipxg-r-u8a.pfb><c:/texlive/2020/texmf-dist/fonts
/type1/public/ipaex-type1/ipxg-r-u8c.pfb><c:/texlive/2020/texmf-dist/fonts/type
1/public/ipaex-type1/ipxg-r-u8d.pfb><c:/texlive/2020/texmf-dist/fonts/type1/pub
lic/ipaex-type1/ipxg-r-u8f.pfb><c:/texlive/2020/texmf-dist/fonts/type1/public/i
paex-type1/ipxg-r-u90.pfb><c:/texlive/2020/texmf-dist/fonts/type1/public/ipaex-
type1/ipxg-r-u91.pfb><c:/texlive/2020/texmf-dist/fonts/type1/public/ipaex-type1
/ipxg-r-u95.pfb><c:/texlive/2020/texmf-dist/fonts/type1/public/ipaex-type1/ipxg
-r-u96.pfb><c:/texlive/2020/texmf-dist/fonts/type1/public/ipaex-type1/ipxg-r-u9
7.pfb><c:/texlive/2020/texmf-dist/fonts/type1/public/ipaex-type1/ipxg-r-u98.pfb
><c:/texlive/2020/texmf-dist/fonts/type1/public/ipaex-type1/ipxg-r-u9a.pfb><c:/
texlive/2020/texmf-dist/fonts/type1/public/ipaex-type1/ipxg-r-uff.pfb><c:/texli
ve/2020/texmf-dist/fonts/type1/public/ipaex-type1/ipxm-r-u30.pfb><c:/texlive/20
20/texmf-dist/fonts/type1/public/ipaex-type1/ipxm-r-u4e.pfb><c:/texlive/2020/te
xmf-dist/fonts/type1/public/ipaex-type1/ipxm-r-u4f.pfb><c:/texlive/2020/texmf-d
ist/fonts/type1/public/ipaex-type1/ipxm-r-u50.pfb><c:/texlive/2020/texmf-dist/f
onts/type1/public/ipaex-type1/ipxm-r-u51.pfb><c:/texlive/2020/texmf-dist/fonts/
type1/public/ipaex-type1/ipxm-r-u52.pfb><c:/texlive/2020/texmf-dist/fonts/type1
/public/ipaex-type1/ipxm-r-u53.pfb><c:/texlive/2020/texmf-dist/fonts/type1/publ
ic/ipaex-type1/ipxm-r-u54.pfb><c:/texlive/2020/texmf-dist/fonts/type1/public/ip
aex-type1/ipxm-r-u55.pfb><c:/texlive/2020/texmf-dist/fonts/type1/public/ipaex-t
ype1/ipxm-r-u56.pfb><c:/texlive/2020/texmf-dist/fonts/type1/public/ipaex-type1/
ipxm-r-u57.pfb><c:/texlive/2020/texmf-dist/fonts/type1/public/ipaex-type1/ipxm-
r-u58.pfb><c:/texlive/2020/texmf-dist/fonts/type1/public/ipaex-type1/ipxm-r-u59
.pfb><c:/texlive/2020/texmf-dist/fonts/type1/public/ipaex-type1/ipxm-r-u5b.pfb>
<c:/texlive/2020/texmf-dist/fonts/type1/public/ipaex-type1/ipxm-r-u5c.pfb><c:/t
exlive/2020/texmf-dist/fonts/type1/public/ipaex-type1/ipxm-r-u5d.pfb><c:/texliv
e/2020/texmf-dist/fonts/type1/public/ipaex-type1/ipxm-r-u5e.pfb><c:/texlive/202
0/texmf-dist/fonts/type1/public/ipaex-type1/ipxm-r-u5f.pfb><c:/texlive/2020/tex
mf-dist/fonts/type1/public/ipaex-type1/ipxm-r-u60.pfb><c:/texlive/2020/texmf-di
st/fonts/type1/public/ipaex-type1/ipxm-r-u61.pfb><c:/texlive/2020/texmf-dist/fo
nts/type1/public/ipaex-type1/ipxm-r-u62.pfb><c:/texlive/2020/texmf-dist/fonts/t
ype1/public/ipaex-type1/ipxm-r-u63.pfb><c:/texlive/2020/texmf-dist/fonts/type1/
public/ipaex-type1/ipxm-r-u65.pfb><c:/texlive/2020/texmf-dist/fonts/type1/publi
c/ipaex-type1/ipxm-r-u66.pfb><c:/texlive/2020/texmf-dist/fonts/type1/public/ipa
ex-type1/ipxm-r-u67.pfb><c:/texlive/2020/texmf-dist/fonts/type1/public/ipaex-ty
pe1/ipxm-r-u69.pfb><c:/texlive/2020/texmf-dist/fonts/type1/public/ipaex-type1/i
pxm-r-u6a.pfb><c:/texlive/2020/texmf-dist/fonts/type1/public/ipaex-type1/ipxm-r
-u6b.pfb><c:/texlive/2020/texmf-dist/fonts/type1/public/ipaex-type1/ipxm-r-u6c.
pfb><c:/texlive/2020/texmf-dist/fonts/type1/public/ipaex-type1/ipxm-r-u6d.pfb><
c:/texlive/2020/texmf-dist/fonts/type1/public/ipaex-type1/ipxm-r-u6e.pfb><c:/te
xlive/2020/texmf-dist/fonts/type1/public/ipaex-type1/ipxm-r-u6f.pfb><c:/texlive
/2020/texmf-dist/fonts/type1/public/ipaex-type1/ipxm-r-u70.pfb><c:/texlive/2020
/texmf-dist/fonts/type1/public/ipaex-type1/ipxm-r-u71.pfb><c:/texlive/2020/texm
f-dist/fonts/type1/public/ipaex-type1/ipxm-r-u72.pfb><c:/texlive/2020/texmf-dis
t/fonts/type1/public/ipaex-type1/ipxm-r-u73.pfb><c:/texlive/2020/texmf-dist/fon
ts/type1/public/ipaex-type1/ipxm-r-u74.pfb><c:/texlive/2020/texmf-dist/fonts/ty
pe1/public/ipaex-type1/ipxm-r-u75.pfb><c:/texlive/2020/texmf-dist/fonts/type1/p
ublic/ipaex-type1/ipxm-r-u76.pfb><c:/texlive/2020/texmf-dist/fonts/type1/public
/ipaex-type1/ipxm-r-u77.pfb><c:/texlive/2020/texmf-dist/fonts/type1/public/ipae
x-type1/ipxm-r-u78.pfb><c:/texlive/2020/texmf-dist/fonts/type1/public/ipaex-typ
e1/ipxm-r-u79.pfb><c:/texlive/2020/texmf-dist/fonts/type1/public/ipaex-type1/ip
xm-r-u7a.pfb><c:/texlive/2020/texmf-dist/fonts/type1/public/ipaex-type1/ipxm-r-
u7b.pfb><c:/texlive/2020/texmf-dist/fonts/type1/public/ipaex-type1/ipxm-r-u7c.p
fb><c:/texlive/2020/texmf-dist/fonts/type1/public/ipaex-type1/ipxm-r-u7d.pfb><c
:/texlive/2020/texmf-dist/fonts/type1/public/ipaex-type1/ipxm-r-u7f.pfb><c:/tex
live/2020/texmf-dist/fonts/type1/public/ipaex-type1/ipxm-r-u80.pfb><c:/texlive/
2020/texmf-dist/fonts/type1/public/ipaex-type1/ipxm-r-u81.pfb><c:/texlive/2020/
texmf-dist/fonts/type1/public/ipaex-type1/ipxm-r-u82.pfb><c:/texlive/2020/texmf
-dist/fonts/type1/public/ipaex-type1/ipxm-r-u88.pfb><c:/texlive/2020/texmf-dist
/fonts/type1/public/ipaex-type1/ipxm-r-u89.pfb><c:/texlive/2020/texmf-dist/font
s/type1/public/ipaex-type1/ipxm-r-u8a.pfb><c:/texlive/2020/texmf-dist/fonts/typ
e1/public/ipaex-type1/ipxm-r-u8b.pfb><c:/texlive/2020/texmf-dist/fonts/type1/pu
blic/ipaex-type1/ipxm-r-u8c.pfb><c:/texlive/2020/texmf-dist/fonts/type1/public/
ipaex-type1/ipxm-r-u8d.pfb><c:/texlive/2020/texmf-dist/fonts/type1/public/ipaex
-type1/ipxm-r-u8e.pfb><c:/texlive/2020/texmf-dist/fonts/type1/public/ipaex-type
1/ipxm-r-u8f.pfb><c:/texlive/2020/texmf-dist/fonts/type1/public/ipaex-type1/ipx
m-r-u90.pfb><c:/texlive/2020/texmf-dist/fonts/type1/public/ipaex-type1/ipxm-r-u
91.pfb><c:/texlive/2020/texmf-dist/fonts/type1/public/ipaex-type1/ipxm-r-u95.pf
b><c:/texlive/2020/texmf-dist/fonts/type1/public/ipaex-type1/ipxm-r-u96.pfb><c:
/texlive/2020/texmf-dist/fonts/type1/public/ipaex-type1/ipxm-r-u97.pfb><c:/texl
ive/2020/texmf-dist/fonts/type1/public/ipaex-type1/ipxm-r-u98.pfb><c:/texlive/2
020/texmf-dist/fonts/type1/public/ipaex-type1/ipxm-r-u9a.pfb><c:/texlive/2020/t
exmf-dist/fonts/type1/public/ipaex-type1/ipxm-r-uff.pfb><c:/texlive/2020/texmf-
dist/fonts/type1/public/amsfonts/symbols/msam10.pfb><c:/texlive/2020/texmf-dist
/fonts/type1/public/xypic/xyatip10.pfb><c:/texlive/2020/texmf-dist/fonts/type1/
public/xypic/xybtip10.pfb>
Output written on Symmetry.pdf (36 pages, 1384304 bytes).
PDF statistics:
 1285 PDF objects out of 1440 (max. 8388607)
 1005 compressed objects within 11 object streams
 223 named destinations out of 1000 (max. 500000)
 397 words of extra memory for PDF output out of 10000 (max. 10000000)

